[ 2017-11-23T17:30:47+08:00 ] 127.0.0.1 /xlfc/index.php
INFO: [ app_begin ] --START--
INFO: ReadHtmlCache Behavior ::run [ RunTime:0.014467s ]
INFO: [ app_begin ] --END-- [ RunTime:0.014549s ]
SQL: SHOW COLUMNS FROM `tp_category` [ RunTime:0.035754s ]
SQL: SELECT * FROM `tp_category` WHERE ( pid=0 AND status=1 ) ORDER BY sort  [ RunTime:0.026522s ]
SQL: SELECT * FROM `tp_category` WHERE ( pid=1 AND status=1 )  [ RunTime:0.000366s ]
SQL: SELECT * FROM `tp_category` WHERE ( pid=2 AND status=1 )  [ RunTime:0.000239s ]
NOTIC: [2] Invalid argument supplied for foreach() D:\amp\nginx-1.8.0\html\xlfc\App\Group\Index\Action\CommonAction.class.php 第 32 行.
SQL: SELECT * FROM `tp_category` WHERE ( pid=3 AND status=1 )  [ RunTime:0.000257s ]
NOTIC: [2] Invalid argument supplied for foreach() D:\amp\nginx-1.8.0\html\xlfc\App\Group\Index\Action\CommonAction.class.php 第 32 行.
SQL: SELECT * FROM `tp_category` WHERE ( pid=4 AND status=1 )  [ RunTime:0.000234s ]
NOTIC: [2] Invalid argument supplied for foreach() D:\amp\nginx-1.8.0\html\xlfc\App\Group\Index\Action\CommonAction.class.php 第 32 行.
INFO: [ view_parse ] --START--
NOTIC: [8] Undefined index: @attributes D:\amp\nginx-1.8.0\html\xlfc\ThinkPHP\Lib\Template\TagLib.class.php 第 89 行.
NOTIC: [2] array_change_key_case() expects parameter 1 to be array, null given D:\amp\nginx-1.8.0\html\xlfc\ThinkPHP\Lib\Template\TagLib.class.php 第 89 行.
NOTIC: [8] Undefined variable: cid D:\amp\nginx-1.8.0\html\xlfc\App\Runtime\Cache\Index\2bbcce16665547c8ca15d0238a0b7959.php 第 18 行.
NOTIC: [8] Undefined variable: cid D:\amp\nginx-1.8.0\html\xlfc\App\Runtime\Cache\Index\2bbcce16665547c8ca15d0238a0b7959.php 第 21 行.
NOTIC: [8] Undefined variable: cid D:\amp\nginx-1.8.0\html\xlfc\App\Runtime\Cache\Index\2bbcce16665547c8ca15d0238a0b7959.php 第 89 行.
NOTIC: [8] Undefined variable: cate D:\amp\nginx-1.8.0\html\xlfc\App\Runtime\Cache\Index\2bbcce16665547c8ca15d0238a0b7959.php 第 89 行.
NOTIC: [8] Undefined variable: cid D:\amp\nginx-1.8.0\html\xlfc\App\Runtime\Cache\Index\2bbcce16665547c8ca15d0238a0b7959.php 第 104 行.
NOTIC: [8] Undefined variable: cate D:\amp\nginx-1.8.0\html\xlfc\App\Runtime\Cache\Index\2bbcce16665547c8ca15d0238a0b7959.php 第 104 行.
SQL: SHOW COLUMNS FROM `tp_picplay` [ RunTime:0.088576s ]
SQL: SELECT * FROM `tp_picplay` ORDER BY sort DESC LIMIT 10   [ RunTime:0.000297s ]
NOTIC: [8] Undefined index: tablename D:\amp\nginx-1.8.0\html\xlfc\App\Runtime\Cache\Index\2bbcce16665547c8ca15d0238a0b7959.php 第 161 行.
SQL: SHOW COLUMNS FROM `tp_product` [ RunTime:0.026764s ]
SQL: SHOW COLUMNS FROM `tp_category` [ RunTime:0.002437s ]
SQL: SELECT COUNT(*) AS tp_count FROM tp_product product LEFT JOIN tp_category category ON product.cid = category.id WHERE ( product.status = 0 ) AND ( product.cid IN (1,'5','6','7','8','9') ) LIMIT 1   [ RunTime:0.024927s ]
SQL: SELECT product.id AS id,product.title AS title,product.color AS color,product.publishtime AS publishtime,product.updatetime AS updatetime,product.click AS click,product.description AS description,product.price AS price,product.weight AS weight,product.trueprice AS trueprice,product.brand AS brand,product.units AS units,product.specification AS specification,product.litpic AS litpic,product.pictureurls AS pictureurls,product.cid AS cid,product.flag AS flag,product.jumpurl AS jumpurl,category.name AS catename,category.ename AS ename,category.modelid AS modelid FROM tp_product product LEFT JOIN tp_category category ON product.cid = category.id WHERE ( product.status = 0 ) AND ( product.cid IN (1,'5','6','7','8','9') ) ORDER BY product.weight desc,product.id DESC LIMIT 0,10   [ RunTime:0.000398s ]
INFO: ParseTemplate Behavior ::run [ RunTime:0.458676s ]
INFO: [ view_parse ] --END-- [ RunTime:0.458748s ]
INFO: [ view_filter ] --START--
INFO: ContentReplace Behavior ::run [ RunTime:0.025229s ]
INFO: TokenBuild Behavior ::run [ RunTime:0.009795s ]
INFO: WriteHtmlCache Behavior ::run [ RunTime:0.000721s ]
INFO: ShowRuntime Behavior ::run [ RunTime:0.029436s ]
INFO: [ view_filter ] --END-- [ RunTime:0.065392s ]
INFO: [ view_end ] --START--
INFO: ShowPageTrace Behavior ::run [ RunTime:0.006827s ]
INFO: [ view_end ] --END-- [ RunTime:0.006883s ]

[ 2017-11-23T17:30:49+08:00 ] 127.0.0.1 /xlfc/index.php?s=/List/index/cid/1.html
INFO: [ route_check ] --START--
INFO: CheckRoute Behavior ::run [ RunTime:0.012657s ]
INFO: [ route_check ] --END-- [ RunTime:0.012732s ]
INFO: [ app_begin ] --START--
INFO: ReadHtmlCache Behavior ::run [ RunTime:0.000634s ]
INFO: [ app_begin ] --END-- [ RunTime:0.000683s ]
SQL: SHOW COLUMNS FROM `tp_category` [ RunTime:0.002472s ]
SQL: SELECT * FROM `tp_category` WHERE ( pid=0 AND status=1 ) ORDER BY sort  [ RunTime:0.000598s ]
SQL: SELECT * FROM `tp_category` WHERE ( pid=1 AND status=1 )  [ RunTime:0.000323s ]
SQL: SELECT * FROM `tp_category` WHERE ( pid=2 AND status=1 )  [ RunTime:0.000238s ]
NOTIC: [2] Invalid argument supplied for foreach() D:\amp\nginx-1.8.0\html\xlfc\App\Group\Index\Action\CommonAction.class.php 第 32 行.
SQL: SELECT * FROM `tp_category` WHERE ( pid=3 AND status=1 )  [ RunTime:0.000217s ]
NOTIC: [2] Invalid argument supplied for foreach() D:\amp\nginx-1.8.0\html\xlfc\App\Group\Index\Action\CommonAction.class.php 第 32 行.
SQL: SELECT * FROM `tp_category` WHERE ( pid=4 AND status=1 )  [ RunTime:0.000212s ]
NOTIC: [2] Invalid argument supplied for foreach() D:\amp\nginx-1.8.0\html\xlfc\App\Group\Index\Action\CommonAction.class.php 第 32 行.
INFO: [ view_parse ] --START--
SQL: SHOW COLUMNS FROM `tp_product` [ RunTime:0.002882s ]
SQL: SHOW COLUMNS FROM `tp_category` [ RunTime:0.002478s ]
SQL: SELECT COUNT(*) AS tp_count FROM tp_product product LEFT JOIN tp_category category ON product.cid = category.id WHERE ( product.status = 0 ) AND ( product.cid IN ('1','5','6','7','8','9') ) LIMIT 1   [ RunTime:0.008765s ]
SQL: SELECT product.id AS id,product.title AS title,product.color AS color,product.publishtime AS publishtime,product.updatetime AS updatetime,product.click AS click,product.description AS description,product.price AS price,product.weight AS weight,product.trueprice AS trueprice,product.brand AS brand,product.units AS units,product.specification AS specification,product.litpic AS litpic,product.pictureurls AS pictureurls,product.cid AS cid,product.flag AS flag,product.jumpurl AS jumpurl,category.name AS catename,category.ename AS ename,category.modelid AS modelid FROM tp_product product LEFT JOIN tp_category category ON product.cid = category.id WHERE ( product.status = 0 ) AND ( product.cid IN ('1','5','6','7','8','9') ) ORDER BY product.weight desc,product.id DESC LIMIT 0,10   [ RunTime:0.000398s ]
INFO: ParseTemplate Behavior ::run [ RunTime:0.054458s ]
INFO: [ view_parse ] --END-- [ RunTime:0.054542s ]
INFO: [ view_filter ] --START--
INFO: ContentReplace Behavior ::run [ RunTime:0.000639s ]
INFO: TokenBuild Behavior ::run [ RunTime:0.000487s ]
INFO: WriteHtmlCache Behavior ::run [ RunTime:0.000455s ]
INFO: ShowRuntime Behavior ::run [ RunTime:0.000613s ]
INFO: [ view_filter ] --END-- [ RunTime:0.002309s ]
INFO: [ view_end ] --START--
INFO: ShowPageTrace Behavior ::run [ RunTime:0.000649s ]
INFO: [ view_end ] --END-- [ RunTime:0.000684s ]

[ 2017-11-23T17:30:50+08:00 ] 127.0.0.1 /xlfc/index.php?s=/List/index/cid/5.html
INFO: [ route_check ] --START--
INFO: CheckRoute Behavior ::run [ RunTime:0.000756s ]
INFO: [ route_check ] --END-- [ RunTime:0.000820s ]
INFO: [ app_begin ] --START--
INFO: ReadHtmlCache Behavior ::run [ RunTime:0.000572s ]
INFO: [ app_begin ] --END-- [ RunTime:0.000611s ]
SQL: SHOW COLUMNS FROM `tp_category` [ RunTime:0.002231s ]
SQL: SELECT * FROM `tp_category` WHERE ( pid=0 AND status=1 ) ORDER BY sort  [ RunTime:0.000355s ]
SQL: SELECT * FROM `tp_category` WHERE ( pid=1 AND status=1 )  [ RunTime:0.000284s ]
SQL: SELECT * FROM `tp_category` WHERE ( pid=2 AND status=1 )  [ RunTime:0.000220s ]
NOTIC: [2] Invalid argument supplied for foreach() D:\amp\nginx-1.8.0\html\xlfc\App\Group\Index\Action\CommonAction.class.php 第 32 行.
SQL: SELECT * FROM `tp_category` WHERE ( pid=3 AND status=1 )  [ RunTime:0.000217s ]
NOTIC: [2] Invalid argument supplied for foreach() D:\amp\nginx-1.8.0\html\xlfc\App\Group\Index\Action\CommonAction.class.php 第 32 行.
SQL: SELECT * FROM `tp_category` WHERE ( pid=4 AND status=1 )  [ RunTime:0.000212s ]
NOTIC: [2] Invalid argument supplied for foreach() D:\amp\nginx-1.8.0\html\xlfc\App\Group\Index\Action\CommonAction.class.php 第 32 行.
NOTIC: [8] Undefined offset: 0 D:\amp\nginx-1.8.0\html\xlfc\App\Group\Index\Action\ListAction.class.php 第 36 行.
INFO: [ view_parse ] --START--
SQL: SHOW COLUMNS FROM `tp_product` [ RunTime:0.002733s ]
SQL: SHOW COLUMNS FROM `tp_category` [ RunTime:0.002102s ]
SQL: SELECT COUNT(*) AS tp_count FROM tp_product product LEFT JOIN tp_category category ON product.cid = category.id WHERE ( product.status = 0 ) AND ( product.cid IN ('5') ) LIMIT 1   [ RunTime:0.000282s ]
SQL: SELECT product.id AS id,product.title AS title,product.color AS color,product.publishtime AS publishtime,product.updatetime AS updatetime,product.click AS click,product.description AS description,product.price AS price,product.weight AS weight,product.trueprice AS trueprice,product.brand AS brand,product.units AS units,product.specification AS specification,product.litpic AS litpic,product.pictureurls AS pictureurls,product.cid AS cid,product.flag AS flag,product.jumpurl AS jumpurl,category.name AS catename,category.ename AS ename,category.modelid AS modelid FROM tp_product product LEFT JOIN tp_category category ON product.cid = category.id WHERE ( product.status = 0 ) AND ( product.cid IN ('5') ) ORDER BY product.weight desc,product.id DESC LIMIT 0,10   [ RunTime:0.000321s ]
INFO: ParseTemplate Behavior ::run [ RunTime:0.054800s ]
INFO: [ view_parse ] --END-- [ RunTime:0.054849s ]
INFO: [ view_filter ] --START--
INFO: ContentReplace Behavior ::run [ RunTime:0.000661s ]
INFO: TokenBuild Behavior ::run [ RunTime:0.000512s ]
INFO: WriteHtmlCache Behavior ::run [ RunTime:0.000427s ]
INFO: ShowRuntime Behavior ::run [ RunTime:0.000639s ]
INFO: [ view_filter ] --END-- [ RunTime:0.002349s ]
INFO: [ view_end ] --START--
INFO: ShowPageTrace Behavior ::run [ RunTime:0.000778s ]
INFO: [ view_end ] --END-- [ RunTime:0.000818s ]

[ 2017-11-23T17:30:51+08:00 ] 127.0.0.1 /xlfc/index.php?s=/List/index/cid/2.html
INFO: [ route_check ] --START--
INFO: CheckRoute Behavior ::run [ RunTime:0.000857s ]
INFO: [ route_check ] --END-- [ RunTime:0.000923s ]
INFO: [ app_begin ] --START--
INFO: ReadHtmlCache Behavior ::run [ RunTime:0.000875s ]
INFO: [ app_begin ] --END-- [ RunTime:0.000923s ]
SQL: SHOW COLUMNS FROM `tp_category` [ RunTime:0.002857s ]
SQL: SELECT * FROM `tp_category` WHERE ( pid=0 AND status=1 ) ORDER BY sort  [ RunTime:0.000392s ]
SQL: SELECT * FROM `tp_category` WHERE ( pid=1 AND status=1 )  [ RunTime:0.000249s ]
SQL: SELECT * FROM `tp_category` WHERE ( pid=2 AND status=1 )  [ RunTime:0.000197s ]
NOTIC: [2] Invalid argument supplied for foreach() D:\amp\nginx-1.8.0\html\xlfc\App\Group\Index\Action\CommonAction.class.php 第 32 行.
SQL: SELECT * FROM `tp_category` WHERE ( pid=3 AND status=1 )  [ RunTime:0.000194s ]
NOTIC: [2] Invalid argument supplied for foreach() D:\amp\nginx-1.8.0\html\xlfc\App\Group\Index\Action\CommonAction.class.php 第 32 行.
SQL: SELECT * FROM `tp_category` WHERE ( pid=4 AND status=1 )  [ RunTime:0.000169s ]
NOTIC: [2] Invalid argument supplied for foreach() D:\amp\nginx-1.8.0\html\xlfc\App\Group\Index\Action\CommonAction.class.php 第 32 行.
NOTIC: [8] Undefined offset: 0 D:\amp\nginx-1.8.0\html\xlfc\App\Group\Index\Action\ListAction.class.php 第 36 行.
INFO: [ view_parse ] --START--
SQL: SHOW COLUMNS FROM `tp_article` [ RunTime:0.040291s ]
SQL: SHOW COLUMNS FROM `tp_category` [ RunTime:0.002095s ]
SQL: SELECT COUNT(*) AS tp_count FROM tp_article article LEFT JOIN tp_category category ON article.cid = category.id WHERE ( article.status = 0 ) AND ( article.cid IN ('2') ) LIMIT 1   [ RunTime:0.000311s ]
SQL: SELECT article.id AS id,article.title AS title,article.shorttitle AS shorttitle,article.color AS color,article.publishtime AS publishtime,article.updatetime AS updatetime,article.click AS click,article.weight AS weight,article.description AS description,article.litpic AS litpic,article.cid AS cid,article.flag AS flag,article.jumpurl AS jumpurl,category.name AS catename,category.ename AS ename,category.modelid AS modelid FROM tp_article article LEFT JOIN tp_category category ON article.cid = category.id WHERE ( article.status = 0 ) AND ( article.cid IN ('2') ) ORDER BY article.weight desc,article.id DESC LIMIT 0,10   [ RunTime:0.000317s ]
INFO: ParseTemplate Behavior ::run [ RunTime:0.114159s ]
INFO: [ view_parse ] --END-- [ RunTime:0.114249s ]
INFO: [ view_filter ] --START--
INFO: ContentReplace Behavior ::run [ RunTime:0.000738s ]
INFO: TokenBuild Behavior ::run [ RunTime:0.000570s ]
INFO: WriteHtmlCache Behavior ::run [ RunTime:0.000609s ]
INFO: ShowRuntime Behavior ::run [ RunTime:0.000740s ]
INFO: [ view_filter ] --END-- [ RunTime:0.002859s ]
INFO: [ view_end ] --START--
INFO: ShowPageTrace Behavior ::run [ RunTime:0.000770s ]
INFO: [ view_end ] --END-- [ RunTime:0.000808s ]

[ 2017-11-23T17:30:51+08:00 ] 127.0.0.1 /xlfc/index.php?s=/List/index/cid/1.html
INFO: [ route_check ] --START--
INFO: CheckRoute Behavior ::run [ RunTime:0.000808s ]
INFO: [ route_check ] --END-- [ RunTime:0.000865s ]
INFO: [ app_begin ] --START--
INFO: ReadHtmlCache Behavior ::run [ RunTime:0.000577s ]
INFO: [ app_begin ] --END-- [ RunTime:0.000628s ]
SQL: SHOW COLUMNS FROM `tp_category` [ RunTime:0.002334s ]
SQL: SELECT * FROM `tp_category` WHERE ( pid=0 AND status=1 ) ORDER BY sort  [ RunTime:0.000397s ]
SQL: SELECT * FROM `tp_category` WHERE ( pid=1 AND status=1 )  [ RunTime:0.000269s ]
SQL: SELECT * FROM `tp_category` WHERE ( pid=2 AND status=1 )  [ RunTime:0.000223s ]
NOTIC: [2] Invalid argument supplied for foreach() D:\amp\nginx-1.8.0\html\xlfc\App\Group\Index\Action\CommonAction.class.php 第 32 行.
SQL: SELECT * FROM `tp_category` WHERE ( pid=3 AND status=1 )  [ RunTime:0.000219s ]
NOTIC: [2] Invalid argument supplied for foreach() D:\amp\nginx-1.8.0\html\xlfc\App\Group\Index\Action\CommonAction.class.php 第 32 行.
SQL: SELECT * FROM `tp_category` WHERE ( pid=4 AND status=1 )  [ RunTime:0.000273s ]
NOTIC: [2] Invalid argument supplied for foreach() D:\amp\nginx-1.8.0\html\xlfc\App\Group\Index\Action\CommonAction.class.php 第 32 行.
INFO: [ view_parse ] --START--
SQL: SHOW COLUMNS FROM `tp_product` [ RunTime:0.003066s ]
SQL: SHOW COLUMNS FROM `tp_category` [ RunTime:0.002340s ]
SQL: SELECT COUNT(*) AS tp_count FROM tp_product product LEFT JOIN tp_category category ON product.cid = category.id WHERE ( product.status = 0 ) AND ( product.cid IN ('1','5','6','7','8','9') ) LIMIT 1   [ RunTime:0.000319s ]
SQL: SELECT product.id AS id,product.title AS title,product.color AS color,product.publishtime AS publishtime,product.updatetime AS updatetime,product.click AS click,product.description AS description,product.price AS price,product.weight AS weight,product.trueprice AS trueprice,product.brand AS brand,product.units AS units,product.specification AS specification,product.litpic AS litpic,product.pictureurls AS pictureurls,product.cid AS cid,product.flag AS flag,product.jumpurl AS jumpurl,category.name AS catename,category.ename AS ename,category.modelid AS modelid FROM tp_product product LEFT JOIN tp_category category ON product.cid = category.id WHERE ( product.status = 0 ) AND ( product.cid IN ('1','5','6','7','8','9') ) ORDER BY product.weight desc,product.id DESC LIMIT 0,10   [ RunTime:0.000358s ]
INFO: ParseTemplate Behavior ::run [ RunTime:0.026921s ]
INFO: [ view_parse ] --END-- [ RunTime:0.026970s ]
INFO: [ view_filter ] --START--
INFO: ContentReplace Behavior ::run [ RunTime:0.000642s ]
INFO: TokenBuild Behavior ::run [ RunTime:0.000541s ]
INFO: WriteHtmlCache Behavior ::run [ RunTime:0.000415s ]
INFO: ShowRuntime Behavior ::run [ RunTime:0.000646s ]
INFO: [ view_filter ] --END-- [ RunTime:0.002355s ]
INFO: [ view_end ] --START--
INFO: ShowPageTrace Behavior ::run [ RunTime:0.000726s ]
INFO: [ view_end ] --END-- [ RunTime:0.000771s ]

[ 2017-11-23T17:30:52+08:00 ] 127.0.0.1 /xlfc/index.php
INFO: [ app_begin ] --START--
INFO: ReadHtmlCache Behavior ::run [ RunTime:0.000676s ]
INFO: [ app_begin ] --END-- [ RunTime:0.000760s ]
SQL: SHOW COLUMNS FROM `tp_category` [ RunTime:0.002112s ]
SQL: SELECT * FROM `tp_category` WHERE ( pid=0 AND status=1 ) ORDER BY sort  [ RunTime:0.000343s ]
SQL: SELECT * FROM `tp_category` WHERE ( pid=1 AND status=1 )  [ RunTime:0.000253s ]
SQL: SELECT * FROM `tp_category` WHERE ( pid=2 AND status=1 )  [ RunTime:0.000197s ]
NOTIC: [2] Invalid argument supplied for foreach() D:\amp\nginx-1.8.0\html\xlfc\App\Group\Index\Action\CommonAction.class.php 第 32 行.
SQL: SELECT * FROM `tp_category` WHERE ( pid=3 AND status=1 )  [ RunTime:0.000208s ]
NOTIC: [2] Invalid argument supplied for foreach() D:\amp\nginx-1.8.0\html\xlfc\App\Group\Index\Action\CommonAction.class.php 第 32 行.
SQL: SELECT * FROM `tp_category` WHERE ( pid=4 AND status=1 )  [ RunTime:0.000194s ]
NOTIC: [2] Invalid argument supplied for foreach() D:\amp\nginx-1.8.0\html\xlfc\App\Group\Index\Action\CommonAction.class.php 第 32 行.
INFO: [ view_parse ] --START--
NOTIC: [8] Undefined index: @attributes D:\amp\nginx-1.8.0\html\xlfc\ThinkPHP\Lib\Template\TagLib.class.php 第 89 行.
NOTIC: [2] array_change_key_case() expects parameter 1 to be array, null given D:\amp\nginx-1.8.0\html\xlfc\ThinkPHP\Lib\Template\TagLib.class.php 第 89 行.
NOTIC: [8] Undefined variable: cid D:\amp\nginx-1.8.0\html\xlfc\App\Runtime\Cache\Index\2bbcce16665547c8ca15d0238a0b7959.php 第 18 行.
NOTIC: [8] Undefined variable: cid D:\amp\nginx-1.8.0\html\xlfc\App\Runtime\Cache\Index\2bbcce16665547c8ca15d0238a0b7959.php 第 21 行.
NOTIC: [8] Undefined variable: cid D:\amp\nginx-1.8.0\html\xlfc\App\Runtime\Cache\Index\2bbcce16665547c8ca15d0238a0b7959.php 第 89 行.
NOTIC: [8] Undefined variable: cate D:\amp\nginx-1.8.0\html\xlfc\App\Runtime\Cache\Index\2bbcce16665547c8ca15d0238a0b7959.php 第 89 行.
NOTIC: [8] Undefined variable: cid D:\amp\nginx-1.8.0\html\xlfc\App\Runtime\Cache\Index\2bbcce16665547c8ca15d0238a0b7959.php 第 104 行.
NOTIC: [8] Undefined variable: cate D:\amp\nginx-1.8.0\html\xlfc\App\Runtime\Cache\Index\2bbcce16665547c8ca15d0238a0b7959.php 第 104 行.
SQL: SHOW COLUMNS FROM `tp_picplay` [ RunTime:0.002324s ]
SQL: SELECT * FROM `tp_picplay` ORDER BY sort DESC LIMIT 10   [ RunTime:0.000203s ]
NOTIC: [8] Undefined index: tablename D:\amp\nginx-1.8.0\html\xlfc\App\Runtime\Cache\Index\2bbcce16665547c8ca15d0238a0b7959.php 第 161 行.
SQL: SHOW COLUMNS FROM `tp_product` [ RunTime:0.002551s ]
SQL: SHOW COLUMNS FROM `tp_category` [ RunTime:0.002067s ]
SQL: SELECT COUNT(*) AS tp_count FROM tp_product product LEFT JOIN tp_category category ON product.cid = category.id WHERE ( product.status = 0 ) AND ( product.cid IN (1,'5','6','7','8','9') ) LIMIT 1   [ RunTime:0.000245s ]
SQL: SELECT product.id AS id,product.title AS title,product.color AS color,product.publishtime AS publishtime,product.updatetime AS updatetime,product.click AS click,product.description AS description,product.price AS price,product.weight AS weight,product.trueprice AS trueprice,product.brand AS brand,product.units AS units,product.specification AS specification,product.litpic AS litpic,product.pictureurls AS pictureurls,product.cid AS cid,product.flag AS flag,product.jumpurl AS jumpurl,category.name AS catename,category.ename AS ename,category.modelid AS modelid FROM tp_product product LEFT JOIN tp_category category ON product.cid = category.id WHERE ( product.status = 0 ) AND ( product.cid IN (1,'5','6','7','8','9') ) ORDER BY product.weight desc,product.id DESC LIMIT 0,10   [ RunTime:0.000276s ]
INFO: ParseTemplate Behavior ::run [ RunTime:0.047240s ]
INFO: [ view_parse ] --END-- [ RunTime:0.047325s ]
INFO: [ view_filter ] --START--
INFO: ContentReplace Behavior ::run [ RunTime:0.000662s ]
INFO: TokenBuild Behavior ::run [ RunTime:0.000508s ]
INFO: WriteHtmlCache Behavior ::run [ RunTime:0.000426s ]
INFO: ShowRuntime Behavior ::run [ RunTime:0.000618s ]
INFO: [ view_filter ] --END-- [ RunTime:0.002321s ]
INFO: [ view_end ] --START--
INFO: ShowPageTrace Behavior ::run [ RunTime:0.000784s ]
INFO: [ view_end ] --END-- [ RunTime:0.000832s ]

[ 2017-11-23T17:30:54+08:00 ] 127.0.0.1 /xlfc/index.php?s=/List/index/cid/2.html
INFO: [ route_check ] --START--
INFO: CheckRoute Behavior ::run [ RunTime:0.000987s ]
INFO: [ route_check ] --END-- [ RunTime:0.001075s ]
INFO: [ app_begin ] --START--
INFO: ReadHtmlCache Behavior ::run [ RunTime:0.000700s ]
INFO: [ app_begin ] --END-- [ RunTime:0.000770s ]
SQL: SHOW COLUMNS FROM `tp_category` [ RunTime:0.002259s ]
SQL: SELECT * FROM `tp_category` WHERE ( pid=0 AND status=1 ) ORDER BY sort  [ RunTime:0.000388s ]
SQL: SELECT * FROM `tp_category` WHERE ( pid=1 AND status=1 )  [ RunTime:0.000308s ]
SQL: SELECT * FROM `tp_category` WHERE ( pid=2 AND status=1 )  [ RunTime:0.000212s ]
NOTIC: [2] Invalid argument supplied for foreach() D:\amp\nginx-1.8.0\html\xlfc\App\Group\Index\Action\CommonAction.class.php 第 32 行.
SQL: SELECT * FROM `tp_category` WHERE ( pid=3 AND status=1 )  [ RunTime:0.000176s ]
NOTIC: [2] Invalid argument supplied for foreach() D:\amp\nginx-1.8.0\html\xlfc\App\Group\Index\Action\CommonAction.class.php 第 32 行.
SQL: SELECT * FROM `tp_category` WHERE ( pid=4 AND status=1 )  [ RunTime:0.000145s ]
NOTIC: [2] Invalid argument supplied for foreach() D:\amp\nginx-1.8.0\html\xlfc\App\Group\Index\Action\CommonAction.class.php 第 32 行.
NOTIC: [8] Undefined offset: 0 D:\amp\nginx-1.8.0\html\xlfc\App\Group\Index\Action\ListAction.class.php 第 36 行.
INFO: [ view_parse ] --START--
SQL: SHOW COLUMNS FROM `tp_article` [ RunTime:0.003274s ]
SQL: SHOW COLUMNS FROM `tp_category` [ RunTime:0.003328s ]
SQL: SELECT COUNT(*) AS tp_count FROM tp_article article LEFT JOIN tp_category category ON article.cid = category.id WHERE ( article.status = 0 ) AND ( article.cid IN ('2') ) LIMIT 1   [ RunTime:0.000328s ]
SQL: SELECT article.id AS id,article.title AS title,article.shorttitle AS shorttitle,article.color AS color,article.publishtime AS publishtime,article.updatetime AS updatetime,article.click AS click,article.weight AS weight,article.description AS description,article.litpic AS litpic,article.cid AS cid,article.flag AS flag,article.jumpurl AS jumpurl,category.name AS catename,category.ename AS ename,category.modelid AS modelid FROM tp_article article LEFT JOIN tp_category category ON article.cid = category.id WHERE ( article.status = 0 ) AND ( article.cid IN ('2') ) ORDER BY article.weight desc,article.id DESC LIMIT 0,10   [ RunTime:0.000356s ]
INFO: ParseTemplate Behavior ::run [ RunTime:0.044586s ]
INFO: [ view_parse ] --END-- [ RunTime:0.044640s ]
INFO: [ view_filter ] --START--
INFO: ContentReplace Behavior ::run [ RunTime:0.000709s ]
INFO: TokenBuild Behavior ::run [ RunTime:0.000541s ]
INFO: WriteHtmlCache Behavior ::run [ RunTime:0.000424s ]
INFO: ShowRuntime Behavior ::run [ RunTime:0.000595s ]
INFO: [ view_filter ] --END-- [ RunTime:0.002401s ]
INFO: [ view_end ] --START--
INFO: ShowPageTrace Behavior ::run [ RunTime:0.000706s ]
INFO: [ view_end ] --END-- [ RunTime:0.000754s ]

[ 2017-11-23T17:30:54+08:00 ] 127.0.0.1 /xlfc/index.php?s=/List/index/cid/2.html
INFO: [ route_check ] --START--
INFO: CheckRoute Behavior ::run [ RunTime:0.000824s ]
INFO: [ route_check ] --END-- [ RunTime:0.000898s ]
INFO: [ app_begin ] --START--
INFO: ReadHtmlCache Behavior ::run [ RunTime:0.000705s ]
INFO: [ app_begin ] --END-- [ RunTime:0.000778s ]
SQL: SHOW COLUMNS FROM `tp_category` [ RunTime:0.002499s ]
SQL: SELECT * FROM `tp_category` WHERE ( pid=0 AND status=1 ) ORDER BY sort  [ RunTime:0.000328s ]
SQL: SELECT * FROM `tp_category` WHERE ( pid=1 AND status=1 )  [ RunTime:0.000263s ]
SQL: SELECT * FROM `tp_category` WHERE ( pid=2 AND status=1 )  [ RunTime:0.000198s ]
NOTIC: [2] Invalid argument supplied for foreach() D:\amp\nginx-1.8.0\html\xlfc\App\Group\Index\Action\CommonAction.class.php 第 32 行.
SQL: SELECT * FROM `tp_category` WHERE ( pid=3 AND status=1 )  [ RunTime:0.000196s ]
NOTIC: [2] Invalid argument supplied for foreach() D:\amp\nginx-1.8.0\html\xlfc\App\Group\Index\Action\CommonAction.class.php 第 32 行.
SQL: SELECT * FROM `tp_category` WHERE ( pid=4 AND status=1 )  [ RunTime:0.000180s ]
NOTIC: [2] Invalid argument supplied for foreach() D:\amp\nginx-1.8.0\html\xlfc\App\Group\Index\Action\CommonAction.class.php 第 32 行.
NOTIC: [8] Undefined offset: 0 D:\amp\nginx-1.8.0\html\xlfc\App\Group\Index\Action\ListAction.class.php 第 36 行.
INFO: [ view_parse ] --START--
SQL: SHOW COLUMNS FROM `tp_article` [ RunTime:0.003426s ]
SQL: SHOW COLUMNS FROM `tp_category` [ RunTime:0.002521s ]
SQL: SELECT COUNT(*) AS tp_count FROM tp_article article LEFT JOIN tp_category category ON article.cid = category.id WHERE ( article.status = 0 ) AND ( article.cid IN ('2') ) LIMIT 1   [ RunTime:0.000307s ]
SQL: SELECT article.id AS id,article.title AS title,article.shorttitle AS shorttitle,article.color AS color,article.publishtime AS publishtime,article.updatetime AS updatetime,article.click AS click,article.weight AS weight,article.description AS description,article.litpic AS litpic,article.cid AS cid,article.flag AS flag,article.jumpurl AS jumpurl,category.name AS catename,category.ename AS ename,category.modelid AS modelid FROM tp_article article LEFT JOIN tp_category category ON article.cid = category.id WHERE ( article.status = 0 ) AND ( article.cid IN ('2') ) ORDER BY article.weight desc,article.id DESC LIMIT 0,10   [ RunTime:0.000352s ]
INFO: ParseTemplate Behavior ::run [ RunTime:0.026083s ]
INFO: [ view_parse ] --END-- [ RunTime:0.026167s ]
INFO: [ view_filter ] --START--
INFO: ContentReplace Behavior ::run [ RunTime:0.000682s ]
INFO: TokenBuild Behavior ::run [ RunTime:0.000537s ]
INFO: WriteHtmlCache Behavior ::run [ RunTime:0.000417s ]
INFO: ShowRuntime Behavior ::run [ RunTime:0.000597s ]
INFO: [ view_filter ] --END-- [ RunTime:0.002352s ]
INFO: [ view_end ] --START--
INFO: ShowPageTrace Behavior ::run [ RunTime:0.000696s ]
INFO: [ view_end ] --END-- [ RunTime:0.000733s ]

[ 2017-11-23T17:30:55+08:00 ] 127.0.0.1 /xlfc/index.php?s=/List/index/cid/1.html
INFO: [ route_check ] --START--
INFO: CheckRoute Behavior ::run [ RunTime:0.000757s ]
INFO: [ route_check ] --END-- [ RunTime:0.000809s ]
INFO: [ app_begin ] --START--
INFO: ReadHtmlCache Behavior ::run [ RunTime:0.000706s ]
INFO: [ app_begin ] --END-- [ RunTime:0.000749s ]
SQL: SHOW COLUMNS FROM `tp_category` [ RunTime:0.002854s ]
SQL: SELECT * FROM `tp_category` WHERE ( pid=0 AND status=1 ) ORDER BY sort  [ RunTime:0.000374s ]
SQL: SELECT * FROM `tp_category` WHERE ( pid=1 AND status=1 )  [ RunTime:0.000313s ]
SQL: SELECT * FROM `tp_category` WHERE ( pid=2 AND status=1 )  [ RunTime:0.000272s ]
NOTIC: [2] Invalid argument supplied for foreach() D:\amp\nginx-1.8.0\html\xlfc\App\Group\Index\Action\CommonAction.class.php 第 32 行.
SQL: SELECT * FROM `tp_category` WHERE ( pid=3 AND status=1 )  [ RunTime:0.000418s ]
NOTIC: [2] Invalid argument supplied for foreach() D:\amp\nginx-1.8.0\html\xlfc\App\Group\Index\Action\CommonAction.class.php 第 32 行.
SQL: SELECT * FROM `tp_category` WHERE ( pid=4 AND status=1 )  [ RunTime:0.000227s ]
NOTIC: [2] Invalid argument supplied for foreach() D:\amp\nginx-1.8.0\html\xlfc\App\Group\Index\Action\CommonAction.class.php 第 32 行.
INFO: [ view_parse ] --START--
SQL: SHOW COLUMNS FROM `tp_product` [ RunTime:0.002356s ]
SQL: SHOW COLUMNS FROM `tp_category` [ RunTime:0.002217s ]
SQL: SELECT COUNT(*) AS tp_count FROM tp_product product LEFT JOIN tp_category category ON product.cid = category.id WHERE ( product.status = 0 ) AND ( product.cid IN ('1','5','6','7','8','9') ) LIMIT 1   [ RunTime:0.000386s ]
SQL: SELECT product.id AS id,product.title AS title,product.color AS color,product.publishtime AS publishtime,product.updatetime AS updatetime,product.click AS click,product.description AS description,product.price AS price,product.weight AS weight,product.trueprice AS trueprice,product.brand AS brand,product.units AS units,product.specification AS specification,product.litpic AS litpic,product.pictureurls AS pictureurls,product.cid AS cid,product.flag AS flag,product.jumpurl AS jumpurl,category.name AS catename,category.ename AS ename,category.modelid AS modelid FROM tp_product product LEFT JOIN tp_category category ON product.cid = category.id WHERE ( product.status = 0 ) AND ( product.cid IN ('1','5','6','7','8','9') ) ORDER BY product.weight desc,product.id DESC LIMIT 0,10   [ RunTime:0.002524s ]
INFO: ParseTemplate Behavior ::run [ RunTime:0.027878s ]
INFO: [ view_parse ] --END-- [ RunTime:0.027927s ]
INFO: [ view_filter ] --START--
INFO: ContentReplace Behavior ::run [ RunTime:0.000685s ]
INFO: TokenBuild Behavior ::run [ RunTime:0.000510s ]
INFO: WriteHtmlCache Behavior ::run [ RunTime:0.000497s ]
INFO: ShowRuntime Behavior ::run [ RunTime:0.000558s ]
INFO: [ view_filter ] --END-- [ RunTime:0.002360s ]
INFO: [ view_end ] --START--
INFO: ShowPageTrace Behavior ::run [ RunTime:0.000673s ]
INFO: [ view_end ] --END-- [ RunTime:0.000712s ]

[ 2017-11-23T17:30:56+08:00 ] 127.0.0.1 /xlfc/index.php?s=/List/index/cid/2.html
INFO: [ route_check ] --START--
INFO: CheckRoute Behavior ::run [ RunTime:0.000975s ]
INFO: [ route_check ] --END-- [ RunTime:0.001048s ]
INFO: [ app_begin ] --START--
INFO: ReadHtmlCache Behavior ::run [ RunTime:0.000716s ]
INFO: [ app_begin ] --END-- [ RunTime:0.000803s ]
SQL: SHOW COLUMNS FROM `tp_category` [ RunTime:0.002327s ]
SQL: SELECT * FROM `tp_category` WHERE ( pid=0 AND status=1 ) ORDER BY sort  [ RunTime:0.000378s ]
SQL: SELECT * FROM `tp_category` WHERE ( pid=1 AND status=1 )  [ RunTime:0.000282s ]
SQL: SELECT * FROM `tp_category` WHERE ( pid=2 AND status=1 )  [ RunTime:0.000200s ]
NOTIC: [2] Invalid argument supplied for foreach() D:\amp\nginx-1.8.0\html\xlfc\App\Group\Index\Action\CommonAction.class.php 第 32 行.
SQL: SELECT * FROM `tp_category` WHERE ( pid=3 AND status=1 )  [ RunTime:0.000190s ]
NOTIC: [2] Invalid argument supplied for foreach() D:\amp\nginx-1.8.0\html\xlfc\App\Group\Index\Action\CommonAction.class.php 第 32 行.
SQL: SELECT * FROM `tp_category` WHERE ( pid=4 AND status=1 )  [ RunTime:0.000198s ]
NOTIC: [2] Invalid argument supplied for foreach() D:\amp\nginx-1.8.0\html\xlfc\App\Group\Index\Action\CommonAction.class.php 第 32 行.
NOTIC: [8] Undefined offset: 0 D:\amp\nginx-1.8.0\html\xlfc\App\Group\Index\Action\ListAction.class.php 第 36 行.
INFO: [ view_parse ] --START--
SQL: SHOW COLUMNS FROM `tp_article` [ RunTime:0.003426s ]
SQL: SHOW COLUMNS FROM `tp_category` [ RunTime:0.002274s ]
SQL: SELECT COUNT(*) AS tp_count FROM tp_article article LEFT JOIN tp_category category ON article.cid = category.id WHERE ( article.status = 0 ) AND ( article.cid IN ('2') ) LIMIT 1   [ RunTime:0.000412s ]
SQL: SELECT article.id AS id,article.title AS title,article.shorttitle AS shorttitle,article.color AS color,article.publishtime AS publishtime,article.updatetime AS updatetime,article.click AS click,article.weight AS weight,article.description AS description,article.litpic AS litpic,article.cid AS cid,article.flag AS flag,article.jumpurl AS jumpurl,category.name AS catename,category.ename AS ename,category.modelid AS modelid FROM tp_article article LEFT JOIN tp_category category ON article.cid = category.id WHERE ( article.status = 0 ) AND ( article.cid IN ('2') ) ORDER BY article.weight desc,article.id DESC LIMIT 0,10   [ RunTime:0.000558s ]
INFO: ParseTemplate Behavior ::run [ RunTime:0.028385s ]
INFO: [ view_parse ] --END-- [ RunTime:0.028516s ]
INFO: [ view_filter ] --START--
INFO: ContentReplace Behavior ::run [ RunTime:0.000764s ]
INFO: TokenBuild Behavior ::run [ RunTime:0.000626s ]
INFO: WriteHtmlCache Behavior ::run [ RunTime:0.000520s ]
INFO: ShowRuntime Behavior ::run [ RunTime:0.000623s ]
INFO: [ view_filter ] --END-- [ RunTime:0.002671s ]
INFO: [ view_end ] --START--
INFO: ShowPageTrace Behavior ::run [ RunTime:0.000797s ]
INFO: [ view_end ] --END-- [ RunTime:0.000851s ]

[ 2017-11-23T17:30:56+08:00 ] 127.0.0.1 /xlfc/index.php?s=/List/index/cid/2.html
INFO: [ route_check ] --START--
INFO: CheckRoute Behavior ::run [ RunTime:0.000785s ]
INFO: [ route_check ] --END-- [ RunTime:0.000835s ]
INFO: [ app_begin ] --START--
INFO: ReadHtmlCache Behavior ::run [ RunTime:0.000641s ]
INFO: [ app_begin ] --END-- [ RunTime:0.000689s ]
SQL: SHOW COLUMNS FROM `tp_category` [ RunTime:0.002997s ]
SQL: SELECT * FROM `tp_category` WHERE ( pid=0 AND status=1 ) ORDER BY sort  [ RunTime:0.000391s ]
SQL: SELECT * FROM `tp_category` WHERE ( pid=1 AND status=1 )  [ RunTime:0.000253s ]
SQL: SELECT * FROM `tp_category` WHERE ( pid=2 AND status=1 )  [ RunTime:0.000196s ]
NOTIC: [2] Invalid argument supplied for foreach() D:\amp\nginx-1.8.0\html\xlfc\App\Group\Index\Action\CommonAction.class.php 第 32 行.
SQL: SELECT * FROM `tp_category` WHERE ( pid=3 AND status=1 )  [ RunTime:0.000199s ]
NOTIC: [2] Invalid argument supplied for foreach() D:\amp\nginx-1.8.0\html\xlfc\App\Group\Index\Action\CommonAction.class.php 第 32 行.
SQL: SELECT * FROM `tp_category` WHERE ( pid=4 AND status=1 )  [ RunTime:0.000191s ]
NOTIC: [2] Invalid argument supplied for foreach() D:\amp\nginx-1.8.0\html\xlfc\App\Group\Index\Action\CommonAction.class.php 第 32 行.
NOTIC: [8] Undefined offset: 0 D:\amp\nginx-1.8.0\html\xlfc\App\Group\Index\Action\ListAction.class.php 第 36 行.
INFO: [ view_parse ] --START--
SQL: SHOW COLUMNS FROM `tp_article` [ RunTime:0.002468s ]
SQL: SHOW COLUMNS FROM `tp_category` [ RunTime:0.002689s ]
SQL: SELECT COUNT(*) AS tp_count FROM tp_article article LEFT JOIN tp_category category ON article.cid = category.id WHERE ( article.status = 0 ) AND ( article.cid IN ('2') ) LIMIT 1   [ RunTime:0.000780s ]
SQL: SELECT article.id AS id,article.title AS title,article.shorttitle AS shorttitle,article.color AS color,article.publishtime AS publishtime,article.updatetime AS updatetime,article.click AS click,article.weight AS weight,article.description AS description,article.litpic AS litpic,article.cid AS cid,article.flag AS flag,article.jumpurl AS jumpurl,category.name AS catename,category.ename AS ename,category.modelid AS modelid FROM tp_article article LEFT JOIN tp_category category ON article.cid = category.id WHERE ( article.status = 0 ) AND ( article.cid IN ('2') ) ORDER BY article.weight desc,article.id DESC LIMIT 0,10   [ RunTime:0.000293s ]
INFO: ParseTemplate Behavior ::run [ RunTime:0.026744s ]
INFO: [ view_parse ] --END-- [ RunTime:0.026799s ]
INFO: [ view_filter ] --START--
INFO: ContentReplace Behavior ::run [ RunTime:0.000654s ]
INFO: TokenBuild Behavior ::run [ RunTime:0.000502s ]
INFO: WriteHtmlCache Behavior ::run [ RunTime:0.000428s ]
INFO: ShowRuntime Behavior ::run [ RunTime:0.000548s ]
INFO: [ view_filter ] --END-- [ RunTime:0.002250s ]
INFO: [ view_end ] --START--
INFO: ShowPageTrace Behavior ::run [ RunTime:0.000657s ]
INFO: [ view_end ] --END-- [ RunTime:0.000694s ]

[ 2017-11-23T17:30:56+08:00 ] 127.0.0.1 /xlfc/index.php?s=/List/index/cid/3.html
INFO: [ route_check ] --START--
INFO: CheckRoute Behavior ::run [ RunTime:0.001023s ]
INFO: [ route_check ] --END-- [ RunTime:0.001164s ]
INFO: [ app_begin ] --START--
INFO: ReadHtmlCache Behavior ::run [ RunTime:0.000614s ]
INFO: [ app_begin ] --END-- [ RunTime:0.000712s ]
SQL: SHOW COLUMNS FROM `tp_category` [ RunTime:0.003184s ]
SQL: SELECT * FROM `tp_category` WHERE ( pid=0 AND status=1 ) ORDER BY sort  [ RunTime:0.000463s ]
SQL: SELECT * FROM `tp_category` WHERE ( pid=1 AND status=1 )  [ RunTime:0.000317s ]
SQL: SELECT * FROM `tp_category` WHERE ( pid=2 AND status=1 )  [ RunTime:0.000298s ]
NOTIC: [2] Invalid argument supplied for foreach() D:\amp\nginx-1.8.0\html\xlfc\App\Group\Index\Action\CommonAction.class.php 第 32 行.
SQL: SELECT * FROM `tp_category` WHERE ( pid=3 AND status=1 )  [ RunTime:0.000253s ]
NOTIC: [2] Invalid argument supplied for foreach() D:\amp\nginx-1.8.0\html\xlfc\App\Group\Index\Action\CommonAction.class.php 第 32 行.
SQL: SELECT * FROM `tp_category` WHERE ( pid=4 AND status=1 )  [ RunTime:0.000257s ]
NOTIC: [2] Invalid argument supplied for foreach() D:\amp\nginx-1.8.0\html\xlfc\App\Group\Index\Action\CommonAction.class.php 第 32 行.
NOTIC: [8] Undefined offset: 0 D:\amp\nginx-1.8.0\html\xlfc\App\Group\Index\Action\ListAction.class.php 第 36 行.
SQL: SHOW COLUMNS FROM `tp_category` [ RunTime:0.002485s ]
SQL: SELECT `content` FROM `tp_category` WHERE ( `id` = 3 ) LIMIT 1   [ RunTime:0.000236s ]
INFO: [ view_parse ] --START--
INFO: ParseTemplate Behavior ::run [ RunTime:0.019268s ]
INFO: [ view_parse ] --END-- [ RunTime:0.019356s ]
INFO: [ view_filter ] --START--
INFO: ContentReplace Behavior ::run [ RunTime:0.000592s ]
INFO: TokenBuild Behavior ::run [ RunTime:0.000538s ]
INFO: WriteHtmlCache Behavior ::run [ RunTime:0.000542s ]
INFO: ShowRuntime Behavior ::run [ RunTime:0.000590s ]
INFO: [ view_filter ] --END-- [ RunTime:0.002389s ]
INFO: [ view_end ] --START--
INFO: ShowPageTrace Behavior ::run [ RunTime:0.000688s ]
INFO: [ view_end ] --END-- [ RunTime:0.000728s ]

[ 2017-11-23T17:30:57+08:00 ] 127.0.0.1 /xlfc/index.php?s=/List/index/cid/3.html
INFO: [ route_check ] --START--
INFO: CheckRoute Behavior ::run [ RunTime:0.000850s ]
INFO: [ route_check ] --END-- [ RunTime:0.000918s ]
INFO: [ app_begin ] --START--
INFO: ReadHtmlCache Behavior ::run [ RunTime:0.001140s ]
INFO: [ app_begin ] --END-- [ RunTime:0.001249s ]
SQL: SHOW COLUMNS FROM `tp_category` [ RunTime:0.002165s ]
SQL: SELECT * FROM `tp_category` WHERE ( pid=0 AND status=1 ) ORDER BY sort  [ RunTime:0.000353s ]
SQL: SELECT * FROM `tp_category` WHERE ( pid=1 AND status=1 )  [ RunTime:0.000278s ]
SQL: SELECT * FROM `tp_category` WHERE ( pid=2 AND status=1 )  [ RunTime:0.000200s ]
NOTIC: [2] Invalid argument supplied for foreach() D:\amp\nginx-1.8.0\html\xlfc\App\Group\Index\Action\CommonAction.class.php 第 32 行.
SQL: SELECT * FROM `tp_category` WHERE ( pid=3 AND status=1 )  [ RunTime:0.000198s ]
NOTIC: [2] Invalid argument supplied for foreach() D:\amp\nginx-1.8.0\html\xlfc\App\Group\Index\Action\CommonAction.class.php 第 32 行.
SQL: SELECT * FROM `tp_category` WHERE ( pid=4 AND status=1 )  [ RunTime:0.000171s ]
NOTIC: [2] Invalid argument supplied for foreach() D:\amp\nginx-1.8.0\html\xlfc\App\Group\Index\Action\CommonAction.class.php 第 32 行.
NOTIC: [8] Undefined offset: 0 D:\amp\nginx-1.8.0\html\xlfc\App\Group\Index\Action\ListAction.class.php 第 36 行.
SQL: SHOW COLUMNS FROM `tp_category` [ RunTime:0.002460s ]
SQL: SELECT `content` FROM `tp_category` WHERE ( `id` = 3 ) LIMIT 1   [ RunTime:0.000236s ]
INFO: [ view_parse ] --START--
INFO: ParseTemplate Behavior ::run [ RunTime:0.013263s ]
INFO: [ view_parse ] --END-- [ RunTime:0.013328s ]
INFO: [ view_filter ] --START--
INFO: ContentReplace Behavior ::run [ RunTime:0.000561s ]
INFO: TokenBuild Behavior ::run [ RunTime:0.000480s ]
INFO: WriteHtmlCache Behavior ::run [ RunTime:0.000434s ]
INFO: ShowRuntime Behavior ::run [ RunTime:0.000523s ]
INFO: [ view_filter ] --END-- [ RunTime:0.002099s ]
INFO: [ view_end ] --START--
INFO: ShowPageTrace Behavior ::run [ RunTime:0.000660s ]
INFO: [ view_end ] --END-- [ RunTime:0.000696s ]

[ 2017-11-23T17:30:59+08:00 ] 127.0.0.1 /xlfc/index.php?s=/List/index/cid/1.html
INFO: [ route_check ] --START--
INFO: CheckRoute Behavior ::run [ RunTime:0.001099s ]
INFO: [ route_check ] --END-- [ RunTime:0.001177s ]
INFO: [ app_begin ] --START--
INFO: ReadHtmlCache Behavior ::run [ RunTime:0.000628s ]
INFO: [ app_begin ] --END-- [ RunTime:0.000673s ]
SQL: SHOW COLUMNS FROM `tp_category` [ RunTime:0.002693s ]
SQL: SELECT * FROM `tp_category` WHERE ( pid=0 AND status=1 ) ORDER BY sort  [ RunTime:0.000393s ]
SQL: SELECT * FROM `tp_category` WHERE ( pid=1 AND status=1 )  [ RunTime:0.000268s ]
SQL: SELECT * FROM `tp_category` WHERE ( pid=2 AND status=1 )  [ RunTime:0.000211s ]
NOTIC: [2] Invalid argument supplied for foreach() D:\amp\nginx-1.8.0\html\xlfc\App\Group\Index\Action\CommonAction.class.php 第 32 行.
SQL: SELECT * FROM `tp_category` WHERE ( pid=3 AND status=1 )  [ RunTime:0.000205s ]
NOTIC: [2] Invalid argument supplied for foreach() D:\amp\nginx-1.8.0\html\xlfc\App\Group\Index\Action\CommonAction.class.php 第 32 行.
SQL: SELECT * FROM `tp_category` WHERE ( pid=4 AND status=1 )  [ RunTime:0.000312s ]
NOTIC: [2] Invalid argument supplied for foreach() D:\amp\nginx-1.8.0\html\xlfc\App\Group\Index\Action\CommonAction.class.php 第 32 行.
INFO: [ view_parse ] --START--
SQL: SHOW COLUMNS FROM `tp_product` [ RunTime:0.002732s ]
SQL: SHOW COLUMNS FROM `tp_category` [ RunTime:0.002441s ]
SQL: SELECT COUNT(*) AS tp_count FROM tp_product product LEFT JOIN tp_category category ON product.cid = category.id WHERE ( product.status = 0 ) AND ( product.cid IN ('1','5','6','7','8','9') ) LIMIT 1   [ RunTime:0.000473s ]
SQL: SELECT product.id AS id,product.title AS title,product.color AS color,product.publishtime AS publishtime,product.updatetime AS updatetime,product.click AS click,product.description AS description,product.price AS price,product.weight AS weight,product.trueprice AS trueprice,product.brand AS brand,product.units AS units,product.specification AS specification,product.litpic AS litpic,product.pictureurls AS pictureurls,product.cid AS cid,product.flag AS flag,product.jumpurl AS jumpurl,category.name AS catename,category.ename AS ename,category.modelid AS modelid FROM tp_product product LEFT JOIN tp_category category ON product.cid = category.id WHERE ( product.status = 0 ) AND ( product.cid IN ('1','5','6','7','8','9') ) ORDER BY product.weight desc,product.id DESC LIMIT 0,10   [ RunTime:0.000391s ]
INFO: ParseTemplate Behavior ::run [ RunTime:0.028386s ]
INFO: [ view_parse ] --END-- [ RunTime:0.028439s ]
INFO: [ view_filter ] --START--
INFO: ContentReplace Behavior ::run [ RunTime:0.000735s ]
INFO: TokenBuild Behavior ::run [ RunTime:0.000522s ]
INFO: WriteHtmlCache Behavior ::run [ RunTime:0.000492s ]
INFO: ShowRuntime Behavior ::run [ RunTime:0.000578s ]
INFO: [ view_filter ] --END-- [ RunTime:0.002443s ]
INFO: [ view_end ] --START--
INFO: ShowPageTrace Behavior ::run [ RunTime:0.000719s ]
INFO: [ view_end ] --END-- [ RunTime:0.000760s ]

[ 2017-11-23T17:30:59+08:00 ] 127.0.0.1 /xlfc/index.php
INFO: [ app_begin ] --START--
INFO: ReadHtmlCache Behavior ::run [ RunTime:0.000636s ]
INFO: [ app_begin ] --END-- [ RunTime:0.000712s ]
SQL: SHOW COLUMNS FROM `tp_category` [ RunTime:0.003121s ]
SQL: SELECT * FROM `tp_category` WHERE ( pid=0 AND status=1 ) ORDER BY sort  [ RunTime:0.000407s ]
SQL: SELECT * FROM `tp_category` WHERE ( pid=1 AND status=1 )  [ RunTime:0.000254s ]
SQL: SELECT * FROM `tp_category` WHERE ( pid=2 AND status=1 )  [ RunTime:0.000253s ]
NOTIC: [2] Invalid argument supplied for foreach() D:\amp\nginx-1.8.0\html\xlfc\App\Group\Index\Action\CommonAction.class.php 第 32 行.
SQL: SELECT * FROM `tp_category` WHERE ( pid=3 AND status=1 )  [ RunTime:0.000232s ]
NOTIC: [2] Invalid argument supplied for foreach() D:\amp\nginx-1.8.0\html\xlfc\App\Group\Index\Action\CommonAction.class.php 第 32 行.
SQL: SELECT * FROM `tp_category` WHERE ( pid=4 AND status=1 )  [ RunTime:0.000229s ]
NOTIC: [2] Invalid argument supplied for foreach() D:\amp\nginx-1.8.0\html\xlfc\App\Group\Index\Action\CommonAction.class.php 第 32 行.
INFO: [ view_parse ] --START--
NOTIC: [8] Undefined index: @attributes D:\amp\nginx-1.8.0\html\xlfc\ThinkPHP\Lib\Template\TagLib.class.php 第 89 行.
NOTIC: [2] array_change_key_case() expects parameter 1 to be array, null given D:\amp\nginx-1.8.0\html\xlfc\ThinkPHP\Lib\Template\TagLib.class.php 第 89 行.
NOTIC: [8] Undefined variable: cid D:\amp\nginx-1.8.0\html\xlfc\App\Runtime\Cache\Index\2bbcce16665547c8ca15d0238a0b7959.php 第 18 行.
NOTIC: [8] Undefined variable: cid D:\amp\nginx-1.8.0\html\xlfc\App\Runtime\Cache\Index\2bbcce16665547c8ca15d0238a0b7959.php 第 21 行.
NOTIC: [8] Undefined variable: cid D:\amp\nginx-1.8.0\html\xlfc\App\Runtime\Cache\Index\2bbcce16665547c8ca15d0238a0b7959.php 第 89 行.
NOTIC: [8] Undefined variable: cate D:\amp\nginx-1.8.0\html\xlfc\App\Runtime\Cache\Index\2bbcce16665547c8ca15d0238a0b7959.php 第 89 行.
NOTIC: [8] Undefined variable: cid D:\amp\nginx-1.8.0\html\xlfc\App\Runtime\Cache\Index\2bbcce16665547c8ca15d0238a0b7959.php 第 104 行.
NOTIC: [8] Undefined variable: cate D:\amp\nginx-1.8.0\html\xlfc\App\Runtime\Cache\Index\2bbcce16665547c8ca15d0238a0b7959.php 第 104 行.
SQL: SHOW COLUMNS FROM `tp_picplay` [ RunTime:0.002229s ]
SQL: SELECT * FROM `tp_picplay` ORDER BY sort DESC LIMIT 10   [ RunTime:0.000232s ]
NOTIC: [8] Undefined index: tablename D:\amp\nginx-1.8.0\html\xlfc\App\Runtime\Cache\Index\2bbcce16665547c8ca15d0238a0b7959.php 第 161 行.
SQL: SHOW COLUMNS FROM `tp_product` [ RunTime:0.003073s ]
SQL: SHOW COLUMNS FROM `tp_category` [ RunTime:0.002418s ]
SQL: SELECT COUNT(*) AS tp_count FROM tp_product product LEFT JOIN tp_category category ON product.cid = category.id WHERE ( product.status = 0 ) AND ( product.cid IN (1,'5','6','7','8','9') ) LIMIT 1   [ RunTime:0.000272s ]
SQL: SELECT product.id AS id,product.title AS title,product.color AS color,product.publishtime AS publishtime,product.updatetime AS updatetime,product.click AS click,product.description AS description,product.price AS price,product.weight AS weight,product.trueprice AS trueprice,product.brand AS brand,product.units AS units,product.specification AS specification,product.litpic AS litpic,product.pictureurls AS pictureurls,product.cid AS cid,product.flag AS flag,product.jumpurl AS jumpurl,category.name AS catename,category.ename AS ename,category.modelid AS modelid FROM tp_product product LEFT JOIN tp_category category ON product.cid = category.id WHERE ( product.status = 0 ) AND ( product.cid IN (1,'5','6','7','8','9') ) ORDER BY product.weight desc,product.id DESC LIMIT 0,10   [ RunTime:0.000327s ]
INFO: ParseTemplate Behavior ::run [ RunTime:0.034468s ]
INFO: [ view_parse ] --END-- [ RunTime:0.034560s ]
INFO: [ view_filter ] --START--
INFO: ContentReplace Behavior ::run [ RunTime:0.000724s ]
INFO: TokenBuild Behavior ::run [ RunTime:0.000513s ]
INFO: WriteHtmlCache Behavior ::run [ RunTime:0.000407s ]
INFO: ShowRuntime Behavior ::run [ RunTime:0.000576s ]
INFO: [ view_filter ] --END-- [ RunTime:0.002336s ]
INFO: [ view_end ] --START--
INFO: ShowPageTrace Behavior ::run [ RunTime:0.001223s ]
INFO: [ view_end ] --END-- [ RunTime:0.001290s ]

[ 2017-11-23T17:31:00+08:00 ] 127.0.0.1 /xlfc/index.php?s=/List/index/cid/1.html
INFO: [ route_check ] --START--
INFO: CheckRoute Behavior ::run [ RunTime:0.000807s ]
INFO: [ route_check ] --END-- [ RunTime:0.000865s ]
INFO: [ app_begin ] --START--
INFO: ReadHtmlCache Behavior ::run [ RunTime:0.000651s ]
INFO: [ app_begin ] --END-- [ RunTime:0.000707s ]
SQL: SHOW COLUMNS FROM `tp_category` [ RunTime:0.002409s ]
SQL: SELECT * FROM `tp_category` WHERE ( pid=0 AND status=1 ) ORDER BY sort  [ RunTime:0.000393s ]
SQL: SELECT * FROM `tp_category` WHERE ( pid=1 AND status=1 )  [ RunTime:0.000243s ]
SQL: SELECT * FROM `tp_category` WHERE ( pid=2 AND status=1 )  [ RunTime:0.000193s ]
NOTIC: [2] Invalid argument supplied for foreach() D:\amp\nginx-1.8.0\html\xlfc\App\Group\Index\Action\CommonAction.class.php 第 32 行.
SQL: SELECT * FROM `tp_category` WHERE ( pid=3 AND status=1 )  [ RunTime:0.000189s ]
NOTIC: [2] Invalid argument supplied for foreach() D:\amp\nginx-1.8.0\html\xlfc\App\Group\Index\Action\CommonAction.class.php 第 32 行.
SQL: SELECT * FROM `tp_category` WHERE ( pid=4 AND status=1 )  [ RunTime:0.000179s ]
NOTIC: [2] Invalid argument supplied for foreach() D:\amp\nginx-1.8.0\html\xlfc\App\Group\Index\Action\CommonAction.class.php 第 32 行.
INFO: [ view_parse ] --START--
SQL: SHOW COLUMNS FROM `tp_product` [ RunTime:0.002905s ]
SQL: SHOW COLUMNS FROM `tp_category` [ RunTime:0.002377s ]
SQL: SELECT COUNT(*) AS tp_count FROM tp_product product LEFT JOIN tp_category category ON product.cid = category.id WHERE ( product.status = 0 ) AND ( product.cid IN ('1','5','6','7','8','9') ) LIMIT 1   [ RunTime:0.000287s ]
SQL: SELECT product.id AS id,product.title AS title,product.color AS color,product.publishtime AS publishtime,product.updatetime AS updatetime,product.click AS click,product.description AS description,product.price AS price,product.weight AS weight,product.trueprice AS trueprice,product.brand AS brand,product.units AS units,product.specification AS specification,product.litpic AS litpic,product.pictureurls AS pictureurls,product.cid AS cid,product.flag AS flag,product.jumpurl AS jumpurl,category.name AS catename,category.ename AS ename,category.modelid AS modelid FROM tp_product product LEFT JOIN tp_category category ON product.cid = category.id WHERE ( product.status = 0 ) AND ( product.cid IN ('1','5','6','7','8','9') ) ORDER BY product.weight desc,product.id DESC LIMIT 0,10   [ RunTime:0.000317s ]
INFO: ParseTemplate Behavior ::run [ RunTime:0.028327s ]
INFO: [ view_parse ] --END-- [ RunTime:0.028374s ]
INFO: [ view_filter ] --START--
INFO: ContentReplace Behavior ::run [ RunTime:0.000639s ]
INFO: TokenBuild Behavior ::run [ RunTime:0.000624s ]
INFO: WriteHtmlCache Behavior ::run [ RunTime:0.000416s ]
INFO: ShowRuntime Behavior ::run [ RunTime:0.000581s ]
INFO: [ view_filter ] --END-- [ RunTime:0.002368s ]
INFO: [ view_end ] --START--
INFO: ShowPageTrace Behavior ::run [ RunTime:0.000675s ]
INFO: [ view_end ] --END-- [ RunTime:0.000713s ]

[ 2017-11-23T17:31:01+08:00 ] 127.0.0.1 /xlfc/index.php?s=/List/index/cid/2.html
INFO: [ route_check ] --START--
INFO: CheckRoute Behavior ::run [ RunTime:0.000809s ]
INFO: [ route_check ] --END-- [ RunTime:0.000864s ]
INFO: [ app_begin ] --START--
INFO: ReadHtmlCache Behavior ::run [ RunTime:0.000606s ]
INFO: [ app_begin ] --END-- [ RunTime:0.000652s ]
SQL: SHOW COLUMNS FROM `tp_category` [ RunTime:0.002381s ]
SQL: SELECT * FROM `tp_category` WHERE ( pid=0 AND status=1 ) ORDER BY sort  [ RunTime:0.000345s ]
SQL: SELECT * FROM `tp_category` WHERE ( pid=1 AND status=1 )  [ RunTime:0.000255s ]
SQL: SELECT * FROM `tp_category` WHERE ( pid=2 AND status=1 )  [ RunTime:0.000199s ]
NOTIC: [2] Invalid argument supplied for foreach() D:\amp\nginx-1.8.0\html\xlfc\App\Group\Index\Action\CommonAction.class.php 第 32 行.
SQL: SELECT * FROM `tp_category` WHERE ( pid=3 AND status=1 )  [ RunTime:0.000194s ]
NOTIC: [2] Invalid argument supplied for foreach() D:\amp\nginx-1.8.0\html\xlfc\App\Group\Index\Action\CommonAction.class.php 第 32 行.
SQL: SELECT * FROM `tp_category` WHERE ( pid=4 AND status=1 )  [ RunTime:0.000189s ]
NOTIC: [2] Invalid argument supplied for foreach() D:\amp\nginx-1.8.0\html\xlfc\App\Group\Index\Action\CommonAction.class.php 第 32 行.
NOTIC: [8] Undefined offset: 0 D:\amp\nginx-1.8.0\html\xlfc\App\Group\Index\Action\ListAction.class.php 第 36 行.
INFO: [ view_parse ] --START--
SQL: SHOW COLUMNS FROM `tp_article` [ RunTime:0.002493s ]
SQL: SHOW COLUMNS FROM `tp_category` [ RunTime:0.002120s ]
SQL: SELECT COUNT(*) AS tp_count FROM tp_article article LEFT JOIN tp_category category ON article.cid = category.id WHERE ( article.status = 0 ) AND ( article.cid IN ('2') ) LIMIT 1   [ RunTime:0.000258s ]
SQL: SELECT article.id AS id,article.title AS title,article.shorttitle AS shorttitle,article.color AS color,article.publishtime AS publishtime,article.updatetime AS updatetime,article.click AS click,article.weight AS weight,article.description AS description,article.litpic AS litpic,article.cid AS cid,article.flag AS flag,article.jumpurl AS jumpurl,category.name AS catename,category.ename AS ename,category.modelid AS modelid FROM tp_article article LEFT JOIN tp_category category ON article.cid = category.id WHERE ( article.status = 0 ) AND ( article.cid IN ('2') ) ORDER BY article.weight desc,article.id DESC LIMIT 0,10   [ RunTime:0.000318s ]
INFO: ParseTemplate Behavior ::run [ RunTime:0.025465s ]
INFO: [ view_parse ] --END-- [ RunTime:0.025541s ]
INFO: [ view_filter ] --START--
INFO: ContentReplace Behavior ::run [ RunTime:0.000642s ]
INFO: TokenBuild Behavior ::run [ RunTime:0.000504s ]
INFO: WriteHtmlCache Behavior ::run [ RunTime:0.000421s ]
INFO: ShowRuntime Behavior ::run [ RunTime:0.000546s ]
INFO: [ view_filter ] --END-- [ RunTime:0.002220s ]
INFO: [ view_end ] --START--
INFO: ShowPageTrace Behavior ::run [ RunTime:0.000646s ]
INFO: [ view_end ] --END-- [ RunTime:0.000682s ]

[ 2017-11-23T17:31:01+08:00 ] 127.0.0.1 /xlfc/index.php?s=/List/index/cid/2.html
INFO: [ route_check ] --START--
INFO: CheckRoute Behavior ::run [ RunTime:0.000820s ]
INFO: [ route_check ] --END-- [ RunTime:0.000875s ]
INFO: [ app_begin ] --START--
INFO: ReadHtmlCache Behavior ::run [ RunTime:0.001033s ]
INFO: [ app_begin ] --END-- [ RunTime:0.001106s ]
SQL: SHOW COLUMNS FROM `tp_category` [ RunTime:0.002371s ]
SQL: SELECT * FROM `tp_category` WHERE ( pid=0 AND status=1 ) ORDER BY sort  [ RunTime:0.000377s ]
SQL: SELECT * FROM `tp_category` WHERE ( pid=1 AND status=1 )  [ RunTime:0.000221s ]
SQL: SELECT * FROM `tp_category` WHERE ( pid=2 AND status=1 )  [ RunTime:0.000190s ]
NOTIC: [2] Invalid argument supplied for foreach() D:\amp\nginx-1.8.0\html\xlfc\App\Group\Index\Action\CommonAction.class.php 第 32 行.
SQL: SELECT * FROM `tp_category` WHERE ( pid=3 AND status=1 )  [ RunTime:0.000184s ]
NOTIC: [2] Invalid argument supplied for foreach() D:\amp\nginx-1.8.0\html\xlfc\App\Group\Index\Action\CommonAction.class.php 第 32 行.
SQL: SELECT * FROM `tp_category` WHERE ( pid=4 AND status=1 )  [ RunTime:0.000180s ]
NOTIC: [2] Invalid argument supplied for foreach() D:\amp\nginx-1.8.0\html\xlfc\App\Group\Index\Action\CommonAction.class.php 第 32 行.
NOTIC: [8] Undefined offset: 0 D:\amp\nginx-1.8.0\html\xlfc\App\Group\Index\Action\ListAction.class.php 第 36 行.
INFO: [ view_parse ] --START--
SQL: SHOW COLUMNS FROM `tp_article` [ RunTime:0.002688s ]
SQL: SHOW COLUMNS FROM `tp_category` [ RunTime:0.002531s ]
SQL: SELECT COUNT(*) AS tp_count FROM tp_article article LEFT JOIN tp_category category ON article.cid = category.id WHERE ( article.status = 0 ) AND ( article.cid IN ('2') ) LIMIT 1   [ RunTime:0.000361s ]
SQL: SELECT article.id AS id,article.title AS title,article.shorttitle AS shorttitle,article.color AS color,article.publishtime AS publishtime,article.updatetime AS updatetime,article.click AS click,article.weight AS weight,article.description AS description,article.litpic AS litpic,article.cid AS cid,article.flag AS flag,article.jumpurl AS jumpurl,category.name AS catename,category.ename AS ename,category.modelid AS modelid FROM tp_article article LEFT JOIN tp_category category ON article.cid = category.id WHERE ( article.status = 0 ) AND ( article.cid IN ('2') ) ORDER BY article.weight desc,article.id DESC LIMIT 0,10   [ RunTime:0.000487s ]
INFO: ParseTemplate Behavior ::run [ RunTime:0.026100s ]
INFO: [ view_parse ] --END-- [ RunTime:0.026154s ]
INFO: [ view_filter ] --START--
INFO: ContentReplace Behavior ::run [ RunTime:0.000941s ]
INFO: TokenBuild Behavior ::run [ RunTime:0.000521s ]
INFO: WriteHtmlCache Behavior ::run [ RunTime:0.000411s ]
INFO: ShowRuntime Behavior ::run [ RunTime:0.000605s ]
INFO: [ view_filter ] --END-- [ RunTime:0.002650s ]
INFO: [ view_end ] --START--
INFO: ShowPageTrace Behavior ::run [ RunTime:0.000733s ]
INFO: [ view_end ] --END-- [ RunTime:0.000769s ]

[ 2017-11-23T17:31:03+08:00 ] 127.0.0.1 /xlfc/index.php?s=/List/index/cid/3.html
INFO: [ route_check ] --START--
INFO: CheckRoute Behavior ::run [ RunTime:0.000874s ]
INFO: [ route_check ] --END-- [ RunTime:0.000927s ]
INFO: [ app_begin ] --START--
INFO: ReadHtmlCache Behavior ::run [ RunTime:0.000747s ]
INFO: [ app_begin ] --END-- [ RunTime:0.000792s ]
SQL: SHOW COLUMNS FROM `tp_category` [ RunTime:0.002297s ]
SQL: SELECT * FROM `tp_category` WHERE ( pid=0 AND status=1 ) ORDER BY sort  [ RunTime:0.000373s ]
SQL: SELECT * FROM `tp_category` WHERE ( pid=1 AND status=1 )  [ RunTime:0.000286s ]
SQL: SELECT * FROM `tp_category` WHERE ( pid=2 AND status=1 )  [ RunTime:0.000211s ]
NOTIC: [2] Invalid argument supplied for foreach() D:\amp\nginx-1.8.0\html\xlfc\App\Group\Index\Action\CommonAction.class.php 第 32 行.
SQL: SELECT * FROM `tp_category` WHERE ( pid=3 AND status=1 )  [ RunTime:0.000212s ]
NOTIC: [2] Invalid argument supplied for foreach() D:\amp\nginx-1.8.0\html\xlfc\App\Group\Index\Action\CommonAction.class.php 第 32 行.
SQL: SELECT * FROM `tp_category` WHERE ( pid=4 AND status=1 )  [ RunTime:0.000203s ]
NOTIC: [2] Invalid argument supplied for foreach() D:\amp\nginx-1.8.0\html\xlfc\App\Group\Index\Action\CommonAction.class.php 第 32 行.
NOTIC: [8] Undefined offset: 0 D:\amp\nginx-1.8.0\html\xlfc\App\Group\Index\Action\ListAction.class.php 第 36 行.
SQL: SHOW COLUMNS FROM `tp_category` [ RunTime:0.002720s ]
SQL: SELECT `content` FROM `tp_category` WHERE ( `id` = 3 ) LIMIT 1   [ RunTime:0.000205s ]
INFO: [ view_parse ] --START--
INFO: ParseTemplate Behavior ::run [ RunTime:0.014283s ]
INFO: [ view_parse ] --END-- [ RunTime:0.014352s ]
INFO: [ view_filter ] --START--
INFO: ContentReplace Behavior ::run [ RunTime:0.000581s ]
INFO: TokenBuild Behavior ::run [ RunTime:0.000545s ]
INFO: WriteHtmlCache Behavior ::run [ RunTime:0.000485s ]
INFO: ShowRuntime Behavior ::run [ RunTime:0.001049s ]
INFO: [ view_filter ] --END-- [ RunTime:0.002787s ]
INFO: [ view_end ] --START--
INFO: ShowPageTrace Behavior ::run [ RunTime:0.000722s ]
INFO: [ view_end ] --END-- [ RunTime:0.000771s ]

[ 2017-11-23T17:31:04+08:00 ] 127.0.0.1 /xlfc/index.php?s=/List/index/cid/4.html
INFO: [ route_check ] --START--
INFO: CheckRoute Behavior ::run [ RunTime:0.001065s ]
INFO: [ route_check ] --END-- [ RunTime:0.001162s ]
INFO: [ app_begin ] --START--
INFO: ReadHtmlCache Behavior ::run [ RunTime:0.001448s ]
INFO: [ app_begin ] --END-- [ RunTime:0.001534s ]
SQL: SHOW COLUMNS FROM `tp_category` [ RunTime:0.002891s ]
SQL: SELECT * FROM `tp_category` WHERE ( pid=0 AND status=1 ) ORDER BY sort  [ RunTime:0.000472s ]
SQL: SELECT * FROM `tp_category` WHERE ( pid=1 AND status=1 )  [ RunTime:0.000313s ]
SQL: SELECT * FROM `tp_category` WHERE ( pid=2 AND status=1 )  [ RunTime:0.000249s ]
NOTIC: [2] Invalid argument supplied for foreach() D:\amp\nginx-1.8.0\html\xlfc\App\Group\Index\Action\CommonAction.class.php 第 32 行.
SQL: SELECT * FROM `tp_category` WHERE ( pid=3 AND status=1 )  [ RunTime:0.000250s ]
NOTIC: [2] Invalid argument supplied for foreach() D:\amp\nginx-1.8.0\html\xlfc\App\Group\Index\Action\CommonAction.class.php 第 32 行.
SQL: SELECT * FROM `tp_category` WHERE ( pid=4 AND status=1 )  [ RunTime:0.000827s ]
NOTIC: [2] Invalid argument supplied for foreach() D:\amp\nginx-1.8.0\html\xlfc\App\Group\Index\Action\CommonAction.class.php 第 32 行.
NOTIC: [8] Undefined offset: 0 D:\amp\nginx-1.8.0\html\xlfc\App\Group\Index\Action\ListAction.class.php 第 36 行.
SQL: SHOW COLUMNS FROM `tp_category` [ RunTime:0.002646s ]
SQL: SELECT `content` FROM `tp_category` WHERE ( `id` = 4 ) LIMIT 1   [ RunTime:0.000246s ]
INFO: [ view_parse ] --START--
INFO: ParseTemplate Behavior ::run [ RunTime:0.014594s ]
INFO: [ view_parse ] --END-- [ RunTime:0.014662s ]
INFO: [ view_filter ] --START--
INFO: ContentReplace Behavior ::run [ RunTime:0.000774s ]
INFO: TokenBuild Behavior ::run [ RunTime:0.000615s ]
INFO: WriteHtmlCache Behavior ::run [ RunTime:0.000457s ]
INFO: ShowRuntime Behavior ::run [ RunTime:0.000571s ]
INFO: [ view_filter ] --END-- [ RunTime:0.002559s ]
INFO: [ view_end ] --START--
INFO: ShowPageTrace Behavior ::run [ RunTime:0.000761s ]
INFO: [ view_end ] --END-- [ RunTime:0.000805s ]

[ 2017-11-23T17:31:04+08:00 ] 127.0.0.1 /xlfc/index.php?s=/List/index/cid/4.html
INFO: [ route_check ] --START--
INFO: CheckRoute Behavior ::run [ RunTime:0.001336s ]
INFO: [ route_check ] --END-- [ RunTime:0.001410s ]
INFO: [ app_begin ] --START--
INFO: ReadHtmlCache Behavior ::run [ RunTime:0.000629s ]
INFO: [ app_begin ] --END-- [ RunTime:0.000684s ]
SQL: SHOW COLUMNS FROM `tp_category` [ RunTime:0.003874s ]
SQL: SELECT * FROM `tp_category` WHERE ( pid=0 AND status=1 ) ORDER BY sort  [ RunTime:0.000399s ]
SQL: SELECT * FROM `tp_category` WHERE ( pid=1 AND status=1 )  [ RunTime:0.000240s ]
SQL: SELECT * FROM `tp_category` WHERE ( pid=2 AND status=1 )  [ RunTime:0.000168s ]
NOTIC: [2] Invalid argument supplied for foreach() D:\amp\nginx-1.8.0\html\xlfc\App\Group\Index\Action\CommonAction.class.php 第 32 行.
SQL: SELECT * FROM `tp_category` WHERE ( pid=3 AND status=1 )  [ RunTime:0.000154s ]
NOTIC: [2] Invalid argument supplied for foreach() D:\amp\nginx-1.8.0\html\xlfc\App\Group\Index\Action\CommonAction.class.php 第 32 行.
SQL: SELECT * FROM `tp_category` WHERE ( pid=4 AND status=1 )  [ RunTime:0.000145s ]
NOTIC: [2] Invalid argument supplied for foreach() D:\amp\nginx-1.8.0\html\xlfc\App\Group\Index\Action\CommonAction.class.php 第 32 行.
NOTIC: [8] Undefined offset: 0 D:\amp\nginx-1.8.0\html\xlfc\App\Group\Index\Action\ListAction.class.php 第 36 行.
SQL: SHOW COLUMNS FROM `tp_category` [ RunTime:0.002303s ]
SQL: SELECT `content` FROM `tp_category` WHERE ( `id` = 4 ) LIMIT 1   [ RunTime:0.000185s ]
INFO: [ view_parse ] --START--
INFO: ParseTemplate Behavior ::run [ RunTime:0.013919s ]
INFO: [ view_parse ] --END-- [ RunTime:0.014003s ]
INFO: [ view_filter ] --START--
INFO: ContentReplace Behavior ::run [ RunTime:0.000562s ]
INFO: TokenBuild Behavior ::run [ RunTime:0.000506s ]
INFO: WriteHtmlCache Behavior ::run [ RunTime:0.000429s ]
INFO: ShowRuntime Behavior ::run [ RunTime:0.000540s ]
INFO: [ view_filter ] --END-- [ RunTime:0.002149s ]
INFO: [ view_end ] --START--
INFO: ShowPageTrace Behavior ::run [ RunTime:0.000651s ]
INFO: [ view_end ] --END-- [ RunTime:0.000688s ]

